# подключены с хоста по ssh на "удаленную" машину.

# выполняем создание дампа БД `example`
viktor@viktor-VirtualBox:~$ mysqldump -u root -p example > example_users_dump.sql
# вводим пароль пользователя `root` в БД
Enter password: 

# создался файл дампа `example_users_dump.sql`
viktor@viktor-VirtualBox:~$ ls
Desktop  Documents  Downloads  example_users_dump.sql  Music  Pictures  Public  Templates  Videos

# смотрим первые 20 строк
viktor@viktor-VirtualBox:~$ head -20 example_users_dump.sql 
-- MySQL dump 10.13  Distrib 8.0.23, for Linux (x86_64)
--
-- Host: localhost    Database: example
-- ------------------------------------------------------
-- Server version	8.0.23-0ubuntu0.20.04.1

/*!40101 SET @OLD_CHARACTER_SET_CLIENT=@@CHARACTER_SET_CLIENT */;
/*!40101 SET @OLD_CHARACTER_SET_RESULTS=@@CHARACTER_SET_RESULTS */;
/*!40101 SET @OLD_COLLATION_CONNECTION=@@COLLATION_CONNECTION */;
/*!50503 SET NAMES utf8mb4 */;
/*!40103 SET @OLD_TIME_ZONE=@@TIME_ZONE */;
/*!40103 SET TIME_ZONE='+00:00' */;
/*!40014 SET @OLD_UNIQUE_CHECKS=@@UNIQUE_CHECKS, UNIQUE_CHECKS=0 */;
/*!40014 SET @OLD_FOREIGN_KEY_CHECKS=@@FOREIGN_KEY_CHECKS, FOREIGN_KEY_CHECKS=0 */;
/*!40101 SET @OLD_SQL_MODE=@@SQL_MODE, SQL_MODE='NO_AUTO_VALUE_ON_ZERO' */;
/*!40111 SET @OLD_SQL_NOTES=@@SQL_NOTES, SQL_NOTES=0 */;

--
-- Table structure for table `users`
--
viktor@viktor-VirtualBox:~$ 


